0 verbose cli C:\Program Files\nodejs\node.exe C:\Program Files\nodejs\node_modules\npm\bin\npm-cli.js
1 info using npm@10.2.4
2 info using node@v21.4.0
3 timing npm:load:whichnode Completed in 6ms
4 timing config:load:defaults Completed in 5ms
5 timing config:load:file:C:\Program Files\nodejs\node_modules\npm\npmrc Completed in 15ms
6 timing config:load:builtin Completed in 15ms
7 timing config:load:cli Completed in 3ms
8 timing config:load:env Completed in 2ms
9 timing config:load:file:D:\Full stack development\Nextjs\deployingprocess\.npmrc Completed in 0ms
10 timing config:load:project Completed in 7ms
11 timing config:load:file:C:\Users\lenovo\.npmrc Completed in 1ms
12 timing config:load:user Completed in 1ms
13 timing config:load:file:C:\Users\lenovo\AppData\Roaming\npm\etc\npmrc Completed in 1ms
14 timing config:load:global Completed in 1ms
15 timing config:load:setEnvs Completed in 1ms
16 timing config:load Completed in 37ms
17 timing npm:load:configload Completed in 37ms
18 timing config:load:flatten Completed in 4ms
19 timing npm:load:mkdirpcache Completed in 0ms
20 timing npm:load:mkdirplogs Completed in 1ms
21 verbose title npm config get registry
22 verbose argv "config" "get" "registry"
23 timing npm:load:setTitle Completed in 1ms
24 timing npm:load:display Completed in 1ms
25 verbose logfile logs-max:10 dir:D:\Full stack development\Nextjs\deployingprocess\path\to\new\cache\directory\_logs\2024-02-02T15_52_38_342Z-
26 verbose logfile D:\Full stack development\Nextjs\deployingprocess\path\to\new\cache\directory\_logs\2024-02-02T15_52_38_342Z-debug-0.log
27 timing npm:load:logFile Completed in 3093ms
28 timing npm:load:timers Completed in 0ms
29 timing npm:load:configScope Completed in 0ms
30 timing npm:load Completed in 3189ms
31 timing command:config Completed in 5ms
32 verbose exit 0
33 timing npm Completed in 3596ms
34 info ok
